<?xml version="1.0" encoding="UTF-8"?>
<testsuite xmlns:xsi="http://www.w3.org/2001/XMLSchema-instance" xsi:noNamespaceSchemaLocation="https://maven.apache.org/surefire/maven-surefire-plugin/xsd/surefire-test-report-3.0.xsd" version="3.0" name="com.nagarro.training.miniassignmenttwo.controller.ApiControllerTest" time="7.251" tests="5" errors="0" skipped="0" failures="0">
  <properties>
[...]
</properties>
  <testcase name="testVerifyUser_ValidSize_ReturnsUsersFlux" classname="com.nagarro.training.miniassignmenttwo.controller.ApiControllerTest" time="0.095">
    <system-out><![CDATA[14:18:16.887 [main] INFO org.springframework.boot.devtools.restart.RestartApplicationListener -- Restart disabled due to context in which it is running

  .   ____          _            __ _ _
 /\\ / ___'_ __ _ _(_)_ __  __ _ \ \ \ \
( ( )\___ | '_ | '_| | '_ \/ _` | \ \ \ \
 \\/  ___)| |_)| | | | | || (_| |  ) ) ) )
  '  |____| .__|_| |_|_| |_\__, | / / / /
 =========|_|==============|___/=/_/_/_/
 :: Spring Boot ::       (v3.1.7-SNAPSHOT)

2024-03-31T14:18:17.241+05:30  INFO 26544 --- [           main] c.n.t.m.controller.ApiControllerTest     : Starting ApiControllerTest using Java 17.0.9 with PID 26544 (started by Harsh Raj in C:\Users\Harsh Raj\eclipse-workspace\MiniAssignmentTwo)
2024-03-31T14:18:17.242+05:30  INFO 26544 --- [           main] c.n.t.m.controller.ApiControllerTest     : No active profile set, falling back to 1 default profile: "default"
2024-03-31T14:18:18.183+05:30  INFO 26544 --- [           main] .s.d.r.c.RepositoryConfigurationDelegate : Bootstrapping Spring Data JPA repositories in DEFAULT mode.
2024-03-31T14:18:18.379+05:30  INFO 26544 --- [           main] .s.d.r.c.RepositoryConfigurationDelegate : Finished Spring Data repository scanning in 184 ms. Found 1 JPA repository interface.
2024-03-31T14:18:18.975+05:30  INFO 26544 --- [           main] o.hibernate.jpa.internal.util.LogHelper  : HHH000204: Processing PersistenceUnitInfo [name: default]
2024-03-31T14:18:19.063+05:30  INFO 26544 --- [           main] org.hibernate.Version                    : HHH000412: Hibernate ORM core version 6.2.17.Final
2024-03-31T14:18:19.067+05:30  INFO 26544 --- [           main] org.hibernate.cfg.Environment            : HHH000406: Using bytecode reflection optimizer
2024-03-31T14:18:19.512+05:30  INFO 26544 --- [           main] o.s.o.j.p.SpringPersistenceUnitInfo      : No LoadTimeWeaver setup: ignoring JPA class transformer
2024-03-31T14:18:19.558+05:30  INFO 26544 --- [           main] com.zaxxer.hikari.HikariDataSource       : HikariPool-1 - Starting...
2024-03-31T14:18:19.980+05:30  INFO 26544 --- [           main] com.zaxxer.hikari.pool.HikariPool        : HikariPool-1 - Added connection com.mysql.cj.jdbc.ConnectionImpl@10a0d93a
2024-03-31T14:18:19.983+05:30  INFO 26544 --- [           main] com.zaxxer.hikari.HikariDataSource       : HikariPool-1 - Start completed.
2024-03-31T14:18:21.120+05:30  INFO 26544 --- [           main] o.h.e.t.j.p.i.JtaPlatformInitiator       : HHH000489: No JTA platform available (set 'hibernate.transaction.jta.platform' to enable JTA platform integration)
2024-03-31T14:18:21.192+05:30  INFO 26544 --- [           main] j.LocalContainerEntityManagerFactoryBean : Initialized JPA EntityManagerFactory for persistence unit 'default'
2024-03-31T14:18:22.475+05:30  WARN 26544 --- [           main] JpaBaseConfiguration$JpaWebConfiguration : spring.jpa.open-in-view is enabled by default. Therefore, database queries may be performed during view rendering. Explicitly configure spring.jpa.open-in-view to disable this warning
2024-03-31T14:18:22.964+05:30  INFO 26544 --- [           main] c.n.t.m.controller.ApiControllerTest     : Started ApiControllerTest in 6.106 seconds (process running for 7.452)
]]></system-out>
  </testcase>
  <testcase name="testFetchUserData_InvalidSortTypeParam_ThrowsValidationException" classname="com.nagarro.training.miniassignmenttwo.controller.ApiControllerTest" time="0.005"/>
  <testcase name="testVerifyUser_InvalidSize_ThrowsValidationException" classname="com.nagarro.training.miniassignmenttwo.controller.ApiControllerTest" time="0.002"/>
  <testcase name="testFetchUserData_ValidParameters_ReturnsListApiResponse" classname="com.nagarro.training.miniassignmenttwo.controller.ApiControllerTest" time="0.003"/>
  <testcase name="testFetchUserData_InvalidLimitParam_ThrowsValidationException" classname="com.nagarro.training.miniassignmenttwo.controller.ApiControllerTest" time="0.003"/>
</testsuite>